<?xml version="1.0" encoding="UTF-8"?>
<testsuite xmlns:xsi="http://www.w3.org/2001/XMLSchema-instance" xsi:noNamespaceSchemaLocation="https://maven.apache.org/surefire/maven-surefire-plugin/xsd/surefire-test-report-3.0.xsd" version="3.0" name="runners.TestRunner" time="139.589" tests="5" errors="0" skipped="0" failures="0">
  <properties>
[...]
</properties>
  <testcase name="runScenario[&quot;Logout successfully&quot;, &quot;OpenEMR Admin Actions&quot;](1)" classname="runners.TestRunner" time="26.217">
    <system-out><![CDATA[
@regression
Scenario: Logout successfully                              # src/test/resources/features/admin.feature:4
  Given user opens login page                              # stepdefinitions.LoginSteps.open_login_page()
  When user enters username "admin" and password "pass"    # stepdefinitions.LoginSteps.enter_credentials(java.lang.String,java.lang.String)
  And user selects language "Default - English (Standard)" # stepdefinitions.LoginSteps.select_language(java.lang.String)
  And user clicks login button                             # stepdefinitions.LoginSteps.click_login()
  Then user should see dashboard page                      # stepdefinitions.LoginSteps.verify_dashboard()
  And user logs out                                        # stepdefinitions.AdminSteps.logout()
]]></system-out>
    <system-err><![CDATA[[main] INFO io.github.bonigarcia.wdm.WebDriverManager - Using chromedriver 147.0.7727.56 (resolved driver for Chrome 147)
[main] INFO io.github.bonigarcia.wdm.WebDriverManager - Exporting webdriver.chrome.driver as /Users/ranajitchowdhury/.cache/selenium/chromedriver/mac64/147.0.7727.56/chromedriver
Apr 12, 2026 10:22:19 PM org.openqa.selenium.devtools.CdpVersionFinder findNearestMatch
WARNING: Unable to find CDP implementation matching 147
Apr 12, 2026 10:22:19 PM org.openqa.selenium.chromium.ChromiumDriver lambda$new$5
WARNING: Unable to find version of CDP to use for 147.0.7727.55. You may need to include a dependency on a specific version of the CDP using something similar to `org.seleniumhq.selenium:selenium-devtools-v86:4.18.1` where the version ("v86") matches the version of the chromium-based browser you're using and the version number of the artifact is the same as Selenium's.
]]></system-err>
  </testcase>
  <testcase name="runScenario[&quot;Successful login&quot;, &quot;OpenEMR Login&quot;](2)" classname="runners.TestRunner" time="22.901">
    <system-out><![CDATA[
@smoke
Scenario: Successful login                                 # src/test/resources/features/login.feature:4
  Given user opens login page                              # stepdefinitions.LoginSteps.open_login_page()
  When user enters username "admin" and password "pass"    # stepdefinitions.LoginSteps.enter_credentials(java.lang.String,java.lang.String)
  And user selects language "Default - English (Standard)" # stepdefinitions.LoginSteps.select_language(java.lang.String)
  And user clicks login button                             # stepdefinitions.LoginSteps.click_login()
  Then user should see dashboard page                      # stepdefinitions.LoginSteps.verify_dashboard()
]]></system-out>
    <system-err><![CDATA[[main] INFO io.github.bonigarcia.wdm.WebDriverManager - Using chromedriver 147.0.7727.56 (resolved driver for Chrome 147)
[main] INFO io.github.bonigarcia.wdm.WebDriverManager - Exporting webdriver.chrome.driver as /Users/ranajitchowdhury/.cache/selenium/chromedriver/mac64/147.0.7727.56/chromedriver
Apr 12, 2026 10:22:43 PM org.openqa.selenium.devtools.CdpVersionFinder findNearestMatch
WARNING: Unable to find CDP implementation matching 147
Apr 12, 2026 10:22:43 PM org.openqa.selenium.chromium.ChromiumDriver lambda$new$5
WARNING: Unable to find version of CDP to use for 147.0.7727.55. You may need to include a dependency on a specific version of the CDP using something similar to `org.seleniumhq.selenium:selenium-devtools-v86:4.18.1` where the version ("v86") matches the version of the chromium-based browser you're using and the version number of the artifact is the same as Selenium's.
]]></system-err>
  </testcase>
  <testcase name="runScenario[&quot;Successful login&quot;, &quot;OpenEMR Login&quot;](3)" classname="runners.TestRunner" time="20.808">
    <system-out><![CDATA[
@smoke
Scenario: Successful login                                 # src/test/resources/features/openemr.feature:4
  Given user opens login page                              # stepdefinitions.LoginSteps.open_login_page()
  When user enters username "admin" and password "pass"    # stepdefinitions.LoginSteps.enter_credentials(java.lang.String,java.lang.String)
  And user selects language "Default - English (Standard)" # stepdefinitions.LoginSteps.select_language(java.lang.String)
  And user clicks login button                             # stepdefinitions.LoginSteps.click_login()
  Then user should see dashboard page                      # stepdefinitions.LoginSteps.verify_dashboard()
]]></system-out>
    <system-err><![CDATA[[main] INFO io.github.bonigarcia.wdm.WebDriverManager - Using chromedriver 147.0.7727.56 (resolved driver for Chrome 147)
[main] INFO io.github.bonigarcia.wdm.WebDriverManager - Exporting webdriver.chrome.driver as /Users/ranajitchowdhury/.cache/selenium/chromedriver/mac64/147.0.7727.56/chromedriver
Apr 12, 2026 10:23:04 PM org.openqa.selenium.devtools.CdpVersionFinder findNearestMatch
WARNING: Unable to find CDP implementation matching 147
Apr 12, 2026 10:23:04 PM org.openqa.selenium.chromium.ChromiumDriver lambda$new$5
WARNING: Unable to find version of CDP to use for 147.0.7727.55. You may need to include a dependency on a specific version of the CDP using something similar to `org.seleniumhq.selenium:selenium-devtools-v86:4.18.1` where the version ("v86") matches the version of the chromium-based browser you're using and the version number of the artifact is the same as Selenium's.
]]></system-err>
  </testcase>
  <testcase name="runScenario[&quot;Add new patient successfully&quot;, &quot;Patient Management&quot;](4)" classname="runners.TestRunner" time="33.77">
    <system-out><![CDATA[
@smoke
Scenario: Add new patient successfully                                # src/test/resources/features/patient.feature:4
  Given user opens login page                                         # stepdefinitions.LoginSteps.open_login_page()
  When user enters username "admin" and password "pass"               # stepdefinitions.LoginSteps.enter_credentials(java.lang.String,java.lang.String)
  And user selects language "Default - English (Standard)"            # stepdefinitions.LoginSteps.select_language(java.lang.String)
  And user clicks login button                                        # stepdefinitions.LoginSteps.click_login()
  Then user should see dashboard page                                 # stepdefinitions.LoginSteps.verify_dashboard()
  When user navigates to patient section                              # stepdefinitions.PatientSteps.navigate_patient()
  And user enters patient details "John", "Doe", "1980-01-01", "Male" # stepdefinitions.PatientSteps.enter_patient_details(java.lang.String,java.lang.String,java.lang.String,java.lang.String)
  And saves the patient                                               # stepdefinitions.PatientSteps.save_patient()
  Then patient should be added successfully                           # stepdefinitions.PatientSteps.verify_patient_added()
]]></system-out>
    <system-err><![CDATA[[main] INFO io.github.bonigarcia.wdm.WebDriverManager - Using chromedriver 147.0.7727.56 (resolved driver for Chrome 147)
[main] INFO io.github.bonigarcia.wdm.WebDriverManager - Exporting webdriver.chrome.driver as /Users/ranajitchowdhury/.cache/selenium/chromedriver/mac64/147.0.7727.56/chromedriver
Apr 12, 2026 10:23:25 PM org.openqa.selenium.devtools.CdpVersionFinder findNearestMatch
WARNING: Unable to find CDP implementation matching 147
Apr 12, 2026 10:23:25 PM org.openqa.selenium.chromium.ChromiumDriver lambda$new$5
WARNING: Unable to find version of CDP to use for 147.0.7727.55. You may need to include a dependency on a specific version of the CDP using something similar to `org.seleniumhq.selenium:selenium-devtools-v86:4.18.1` where the version ("v86") matches the version of the chromium-based browser you're using and the version number of the artifact is the same as Selenium's.
]]></system-err>
  </testcase>
  <testcase name="runScenario[&quot;Add patient with missing mandatory fields&quot;, &quot;Patient Management&quot;](5)" classname="runners.TestRunner" time="34.307">
    <system-out><![CDATA[
@regression
Scenario: Add patient with missing mandatory fields               # src/test/resources/features/patient.feature:16
  Given user opens login page                                     # stepdefinitions.LoginSteps.open_login_page()
  When user enters username "admin" and password "pass"           # stepdefinitions.LoginSteps.enter_credentials(java.lang.String,java.lang.String)
  And user selects language "Default - English (Standard)"        # stepdefinitions.LoginSteps.select_language(java.lang.String)
  And user clicks login button                                    # stepdefinitions.LoginSteps.click_login()
  Then user should see dashboard page                             # stepdefinitions.LoginSteps.verify_dashboard()
  When user navigates to patient section                          # stepdefinitions.PatientSteps.navigate_patient()
  And user enters patient details "", "Doe", "1980-01-01", "Male" # stepdefinitions.PatientSteps.enter_patient_details(java.lang.String,java.lang.String,java.lang.String,java.lang.String)
  And saves the patient                                           # stepdefinitions.PatientSteps.save_patient()
  Then user should see error message "First Name is required"     # stepdefinitions.PatientSteps.verify_error_message(java.lang.String)
]]></system-out>
    <system-err><![CDATA[[main] INFO io.github.bonigarcia.wdm.WebDriverManager - Using chromedriver 147.0.7727.56 (resolved driver for Chrome 147)
[main] INFO io.github.bonigarcia.wdm.WebDriverManager - Exporting webdriver.chrome.driver as /Users/ranajitchowdhury/.cache/selenium/chromedriver/mac64/147.0.7727.56/chromedriver
Apr 12, 2026 10:24:01 PM org.openqa.selenium.devtools.CdpVersionFinder findNearestMatch
WARNING: Unable to find CDP implementation matching 147
Apr 12, 2026 10:24:01 PM org.openqa.selenium.chromium.ChromiumDriver lambda$new$5
WARNING: Unable to find version of CDP to use for 147.0.7727.55. You may need to include a dependency on a specific version of the CDP using something similar to `org.seleniumhq.selenium:selenium-devtools-v86:4.18.1` where the version ("v86") matches the version of the chromium-based browser you're using and the version number of the artifact is the same as Selenium's.
]]></system-err>
  </testcase>
</testsuite>