<?xml version="1.0" encoding="UTF-8"?>
<!-- Generated by org.testng.reporters.JUnitReportReporter -->
<testsuite hostname="Mac" failures="0" tests="5" name="runners.TestRunner" time="137.990" errors="0" timestamp="2026-04-12T22:24:27 EDT" skipped="0">
  <testcase classname="runners.TestRunner" name="runScenario" time="26.206"/>
  <testcase classname="runners.TestRunner" name="runScenario" time="34.304"/>
  <testcase classname="runners.TestRunner" name="runScenario" time="22.904"/>
  <testcase classname="runners.TestRunner" name="runScenario" time="33.768"/>
  <testcase classname="runners.TestRunner" name="runScenario" time="20.808"/>
</testsuite> <!-- runners.TestRunner -->
